<?xml version="1.0" encoding="UTF-8"?>
<testsuite xmlns:xsi="http://www.w3.org/2001/XMLSchema-instance" xsi:schemaLocation="https://maven.apache.org/surefire/maven-surefire-plugin/xsd/surefire-test-report.xsd" name="TestSuite" time="55.186" tests="4" errors="0" skipped="0" failures="4">
  <properties>
[...]
</properties>
  <testcase name="CC_QA_Automatizacion" classname="test.java.carritocompras.CC_Test" time="11.765">
    <failure message="Index 5 out of bounds for length 5" type="java.lang.ArrayIndexOutOfBoundsException">java.lang.ArrayIndexOutOfBoundsException: Index 5 out of bounds for length 5
	at test.java.carritocompras.CC_Test.CC_QA_Automatizacion(CC_Test.java:30)
</failure>
    <system-out><![CDATA[*** Archivo leido: c://Estructura_Base//CC_Logs_2p//\data\TotalCasosDePruebas.txt
*** Total Casos de Prueba a ejecutar: 4.
*** La ejecución del Flujo será visible por pantalla.
1) PASO FUNCIONAL iniciado: iniciarSesion
 [evento] Se ha ingresado el texto 'standard_user' en el campo: user-name
 [evento] Se ha ingresado el texto 'secret_sauce' en el campo: password
 [evento] Se ha hecho clic en el boton: Login
[OK] Se ha ingresado correctamente a la pagina: Products
]]></system-out>
    <system-err><![CDATA[Starting ChromeDriver 136.0.7103.92 (cb81a4cc5087a8303a6c8827ee2b80b71d26e334-refs/branch-heads/7103@{#1840}) on port 33978
Only local connections are allowed.
Please see https://chromedriver.chromium.org/security-considerations for suggestions on keeping ChromeDriver safe.
ChromeDriver was started successfully on port 33978.
[1747663791.712][WARNING]: Deprecated chrome option is ignored: useAutomationExtension
[1747663791.712][WARNING]: Deprecated chrome option is ignored: useAutomationExtension
May 19, 2025 10:09:53 AM org.openqa.selenium.remote.ProtocolHandshake createSession
INFO: Detected dialect: W3C
]]></system-err>
  </testcase>
  <testcase name="CC_QA_Automatizacion" classname="test.java.carritocompras.CC_Test" time="11.746">
    <failure message="Index 5 out of bounds for length 5" type="java.lang.ArrayIndexOutOfBoundsException">java.lang.ArrayIndexOutOfBoundsException: Index 5 out of bounds for length 5
	at test.java.carritocompras.CC_Test.CC_QA_Automatizacion(CC_Test.java:30)
</failure>
    <system-out><![CDATA[1) PASO FUNCIONAL iniciado: iniciarSesion
 [evento] Se ha ingresado el texto 'standard_user' en el campo: user-name
 [evento] Se ha ingresado el texto 'secret_sauce' en el campo: password
 [evento] Se ha hecho clic en el boton: Login
[OK] Se ha ingresado correctamente a la pagina: Products
]]></system-out>
    <system-err><![CDATA[Starting ChromeDriver 136.0.7103.92 (cb81a4cc5087a8303a6c8827ee2b80b71d26e334-refs/branch-heads/7103@{#1840}) on port 31038
Only local connections are allowed.
Please see https://chromedriver.chromium.org/security-considerations for suggestions on keeping ChromeDriver safe.
ChromeDriver was started successfully on port 31038.
[1747663805.642][WARNING]: Deprecated chrome option is ignored: useAutomationExtension
[1747663805.642][WARNING]: Deprecated chrome option is ignored: useAutomationExtension
May 19, 2025 10:10:06 AM org.openqa.selenium.remote.ProtocolHandshake createSession
INFO: Detected dialect: W3C
]]></system-err>
  </testcase>
  <testcase name="CC_QA_Automatizacion" classname="test.java.carritocompras.CC_Test" time="11.775">
    <failure message="Index 5 out of bounds for length 5" type="java.lang.ArrayIndexOutOfBoundsException">java.lang.ArrayIndexOutOfBoundsException: Index 5 out of bounds for length 5
	at test.java.carritocompras.CC_Test.CC_QA_Automatizacion(CC_Test.java:30)
</failure>
    <system-out><![CDATA[1) PASO FUNCIONAL iniciado: iniciarSesion
 [evento] Se ha ingresado el texto 'standard_user' en el campo: user-name
 [evento] Se ha ingresado el texto 'secret_sauce' en el campo: password
 [evento] Se ha hecho clic en el boton: Login
[OK] Se ha ingresado correctamente a la pagina: Products
]]></system-out>
    <system-err><![CDATA[Starting ChromeDriver 136.0.7103.92 (cb81a4cc5087a8303a6c8827ee2b80b71d26e334-refs/branch-heads/7103@{#1840}) on port 16785
Only local connections are allowed.
Please see https://chromedriver.chromium.org/security-considerations for suggestions on keeping ChromeDriver safe.
ChromeDriver was started successfully on port 16785.
[1747663819.011][WARNING]: Deprecated chrome option is ignored: useAutomationExtension
[1747663819.011][WARNING]: Deprecated chrome option is ignored: useAutomationExtension
May 19, 2025 10:10:20 AM org.openqa.selenium.remote.ProtocolHandshake createSession
INFO: Detected dialect: W3C
]]></system-err>
  </testcase>
  <testcase name="CC_QA_Automatizacion" classname="test.java.carritocompras.CC_Test" time="11.749">
    <failure message="Index 5 out of bounds for length 5" type="java.lang.ArrayIndexOutOfBoundsException">java.lang.ArrayIndexOutOfBoundsException: Index 5 out of bounds for length 5
	at test.java.carritocompras.CC_Test.CC_QA_Automatizacion(CC_Test.java:30)
</failure>
    <system-out><![CDATA[1) PASO FUNCIONAL iniciado: iniciarSesion
 [evento] Se ha ingresado el texto 'standard_user' en el campo: user-name
 [evento] Se ha ingresado el texto 'secret_sauce' en el campo: password
 [evento] Se ha hecho clic en el boton: Login
[OK] Se ha ingresado correctamente a la pagina: Products
]]></system-out>
    <system-err><![CDATA[Starting ChromeDriver 136.0.7103.92 (cb81a4cc5087a8303a6c8827ee2b80b71d26e334-refs/branch-heads/7103@{#1840}) on port 37771
Only local connections are allowed.
Please see https://chromedriver.chromium.org/security-considerations for suggestions on keeping ChromeDriver safe.
ChromeDriver was started successfully on port 37771.
[1747663832.384][WARNING]: Deprecated chrome option is ignored: useAutomationExtension
[1747663832.384][WARNING]: Deprecated chrome option is ignored: useAutomationExtension
May 19, 2025 10:10:33 AM org.openqa.selenium.remote.ProtocolHandshake createSession
INFO: Detected dialect: W3C
]]></system-err>
  </testcase>
</testsuite>