<?xml version="1.0" encoding="UTF-8"?>
<!-- Generated by org.testng.reporters.JUnitXMLReporter -->
<testsuite ignored="0" hostname="TestGroup" failures="4" tests="4" name="Test Automation" time="54.798" errors="0" timestamp="2025-05-19T10:10:45 EDT">
  <testcase classname="test.java.carritocompras.CC_Test" name="CC_QA_Automatizacion" time="11.751">
    <failure type="java.lang.ArrayIndexOutOfBoundsException" message="Index 5 out of bounds for length 5">
      <![CDATA[java.lang.ArrayIndexOutOfBoundsException: Index 5 out of bounds for length 5
at test.java.carritocompras.CC_Test.CC_QA_Automatizacion(CC_Test.java:30)
at java.base/java.util.ArrayList.forEach(ArrayList.java:1596)
... Removed 28 stack frames]]>
    </failure>
  </testcase> <!-- CC_QA_Automatizacion -->
  <testcase classname="test.java.carritocompras.CC_Test" name="CC_QA_Automatizacion" time="11.747">
    <failure type="java.lang.ArrayIndexOutOfBoundsException" message="Index 5 out of bounds for length 5">
      <![CDATA[java.lang.ArrayIndexOutOfBoundsException: Index 5 out of bounds for length 5
at test.java.carritocompras.CC_Test.CC_QA_Automatizacion(CC_Test.java:30)
at java.base/java.util.ArrayList.forEach(ArrayList.java:1596)
... Removed 28 stack frames]]>
    </failure>
  </testcase> <!-- CC_QA_Automatizacion -->
  <testcase classname="test.java.carritocompras.CC_Test" name="CC_QA_Automatizacion" time="11.775">
    <failure type="java.lang.ArrayIndexOutOfBoundsException" message="Index 5 out of bounds for length 5">
      <![CDATA[java.lang.ArrayIndexOutOfBoundsException: Index 5 out of bounds for length 5
at test.java.carritocompras.CC_Test.CC_QA_Automatizacion(CC_Test.java:30)
at java.base/java.util.ArrayList.forEach(ArrayList.java:1596)
... Removed 28 stack frames]]>
    </failure>
  </testcase> <!-- CC_QA_Automatizacion -->
  <testcase classname="test.java.carritocompras.CC_Test" name="CC_QA_Automatizacion" time="11.749">
    <failure type="java.lang.ArrayIndexOutOfBoundsException" message="Index 5 out of bounds for length 5">
      <![CDATA[java.lang.ArrayIndexOutOfBoundsException: Index 5 out of bounds for length 5
at test.java.carritocompras.CC_Test.CC_QA_Automatizacion(CC_Test.java:30)
at java.base/java.util.ArrayList.forEach(ArrayList.java:1596)
... Removed 28 stack frames]]>
    </failure>
  </testcase> <!-- CC_QA_Automatizacion -->
</testsuite> <!-- Test Automation -->
